0:   00000000        sll     zero,zero,0x0
4:   201d0400        addi    sp,zero,1024
8:   0c000032        jal     c8 <mips_main>
c:   00000000        sll     zero,zero,0x0
10:   00021820        add     v1,zero,v0
14:   08000007        j       1c <end>
18:   00000000        sll     zero,zero,0x0
1c:   08000007        j       1c <end>
20:   00000000        sll     zero,zero,0x0
24:   00000000        sll     zero,zero,0x0
28:   00000000        sll     zero,zero,0x0
2c:   00000000        sll     zero,zero,0x0
30:   27bdffe0        addiu   sp,sp,-32
34:   afbf001c        sw      ra,28(sp)
38:   afbe0018        sw      s8,24(sp)
3c:   afb00014        sw      s0,20(sp)
40:   03a0f025        or      s8,sp,zero
44:   afc40020        sw      a0,32(s8)
48:   8fc20020        lw      v0,32(s8)
4c:   14400004        bnez    v0,60 <fib+0x30>
50:   00000000        sll     zero,zero,0x0
54:   00001025        or      v0,zero,zero
58:   10000014        beqz    zero,ac <fib+0x7c>
5c:   00000000        sll     zero,zero,0x0
60:   8fc30020        lw      v1,32(s8)
64:   24020001        addiu   v0,zero,1
68:   14620004        bne     v1,v0,7c <fib+0x4c>
6c:   00000000        sll     zero,zero,0x0
70:   24020001        addiu   v0,zero,1
74:   1000000d        beqz    zero,ac <fib+0x7c>
78:   00000000        sll     zero,zero,0x0
7c:   8fc20020        lw      v0,32(s8)
80:   2442ffff        addiu   v0,v0,-1
84:   00402025        or      a0,v0,zero
88:   0c00000c        jal     30 <fib>
8c:   00000000        sll     zero,zero,0x0
90:   00408025        or      s0,v0,zero
94:   8fc20020        lw      v0,32(s8)
98:   2442fffe        addiu   v0,v0,-2
9c:   00402025        or      a0,v0,zero
a0:   0c00000c        jal     30 <fib>
a4:   00000000        sll     zero,zero,0x0
a8:   02021021        addu    v0,s0,v0
ac:   03c0e825        or      sp,s8,zero
b0:   8fbf001c        lw      ra,28(sp)
b4:   8fbe0018        lw      s8,24(sp)
b8:   8fb00014        lw      s0,20(sp)
bc:   27bd0020        addiu   sp,sp,32
c0:   03e00008        jr      ra
c4:   00000000        sll     zero,zero,0x0
c8:   27bdffe8        addiu   sp,sp,-24
cc:   afbf0014        sw      ra,20(sp)
d0:   afbe0010        sw      s8,16(sp)
d4:   03a0f025        or      s8,sp,zero
d8:   24040005        addiu   a0,zero,5
dc:   0c00000c        jal     30 <fib>
e0:   00000000        sll     zero,zero,0x0
e4:   03c0e825        or      sp,s8,zero
e8:   8fbf0014        lw      ra,20(sp)
ec:   8fbe0010        lw      s8,16(sp)
f0:   27bd0018        addiu   sp,sp,24
f4:   03e00008        jr      ra
f8:   00000000        sll     zero,zero,0x0
fc:   00000000        sll     zero,zero,0x0